{"/Users/trainer/mar-6-reactjs/src/components/demo/demo.tsx": {"path":"/Users/trainer/mar-6-reactjs/src/components/demo/demo.tsx","statementMap":{"0":{"start":{"line":1,"column":13},"end":{"line":5,"column":1}},"1":{"start":{"line":2,"column":4},"end":{"line":4,"column":null}},"2":{"start":{"line":7,"column":0},"end":{"line":7,"column":null}}},"fnMap":{"0":{"name":"(anonymous_0)","decl":{"start":{"line":1,"column":13},"end":{"line":1,"column":14}},"loc":{"start":{"line":1,"column":47},"end":{"line":5,"column":1}}}},"branchMap":{"0":{"loc":{"start":{"line":1,"column":16},"end":{"line":1,"column":42}},"type":"default-arg","locations":[{"start":{"line":1,"column":26},"end":{"line":1,"column":42}}]}},"s":{"0":1,"1":3,"2":1},"f":{"0":3},"b":{"0":[1]}}
}
