{"/Users/trainer/mar-6-reactjs/src/components/demo/demo.tsx": {"path":"/Users/trainer/mar-6-reactjs/src/components/demo/demo.tsx","statementMap":{"0":{"start":{"line":1,"column":0},"end":{"line":1,"column":33}},"1":{"start":{"line":3,"column":13},"end":{"line":19,"column":1}},"2":{"start":{"line":4,"column":32},"end":{"line":4,"column":43}},"3":{"start":{"line":6,"column":2},"end":{"line":18,"column":4}},"4":{"start":{"line":12,"column":10},"end":{"line":12,"column":34}},"5":{"start":{"line":21,"column":0},"end":{"line":21,"column":20}}},"fnMap":{"0":{"name":"(anonymous_0)","decl":{"start":{"line":3,"column":13},"end":{"line":3,"column":14}},"loc":{"start":{"line":3,"column":48},"end":{"line":19,"column":1}}},"1":{"name":"(anonymous_1)","decl":{"start":{"line":11,"column":17},"end":{"line":11,"column":20}},"loc":{"start":{"line":11,"column":22},"end":{"line":13,"column":9}}}},"branchMap":{"0":{"loc":{"start":{"line":3,"column":16},"end":{"line":3,"column":42}},"type":"default-arg","locations":[{"start":{"line":3,"column":26},"end":{"line":3,"column":42}}]}},"s":{"0":1,"1":1,"2":5,"3":5,"4":1,"5":1},"f":{"0":5,"1":1},"b":{"0":[1]}}
,"/Users/trainer/mar-6-reactjs/src/context/theme.tsx": {"path":"/Users/trainer/mar-6-reactjs/src/context/theme.tsx","statementMap":{"0":{"start":{"line":1,"column":0},"end":{"line":1,"column":48}},"1":{"start":{"line":3,"column":0},"end":{"line":3,"column":null}},"2":{"start":{"line":4,"column":2},"end":{"line":4,"column":null}},"3":{"start":{"line":5,"column":2},"end":{"line":5,"column":null}},"4":{"start":{"line":13,"column":13},"end":{"line":16,"column":3}},"5":{"start":{"line":18,"column":21},"end":{"line":18,"column":33}},"6":{"start":{"line":20,"column":29},"end":{"line":34,"column":1}},"7":{"start":{"line":27,"column":28},"end":{"line":27,"column":50}},"8":{"start":{"line":29,"column":17},"end":{"line":31,"column":3}},"9":{"start":{"line":30,"column":4},"end":{"line":30,"column":20}},"10":{"start":{"line":33,"column":2},"end":{"line":33,"column":74}},"11":{"start":{"line":20,"column":13},"end":{"line":20,"column":29}}},"fnMap":{"0":{"name":"(anonymous_0)","decl":{"start":{"line":3,"column":0},"end":{"line":3,"column":12}},"loc":{"start":{"line":3,"column":24},"end":{"line":6,"column":1}}},"1":{"name":"(anonymous_1)","decl":{"start":{"line":15,"column":2},"end":{"line":15,"column":8}},"loc":{"start":{"line":15,"column":8},"end":{"line":15,"column":13}}},"2":{"name":"(anonymous_2)","decl":{"start":{"line":20,"column":29},"end":{"line":20,"column":30}},"loc":{"start":{"line":26,"column":5},"end":{"line":34,"column":1}}},"3":{"name":"(anonymous_3)","decl":{"start":{"line":29,"column":17},"end":{"line":29,"column":18}},"loc":{"start":{"line":29,"column":41},"end":{"line":31,"column":3}}}},"branchMap":{"0":{"loc":{"start":{"line":3,"column":12},"end":{"line":3,"column":null}},"type":"binary-expr","locations":[{"start":{"line":3,"column":12},"end":{"line":3,"column":24}},{"start":{"line":3,"column":24},"end":{"line":3,"column":null}}]},"1":{"loc":{"start":{"line":22,"column":9},"end":{"line":22,"column":41}},"type":"default-arg","locations":[{"start":{"line":22,"column":24},"end":{"line":22,"column":41}}]}},"s":{"0":1,"1":1,"2":1,"3":1,"4":1,"5":1,"6":1,"7":3,"8":3,"9":1,"10":3,"11":1},"f":{"0":1,"1":1,"2":3,"3":1},"b":{"0":[1,1],"1":[3]}}
,"/Users/trainer/mar-6-reactjs/src/hooks/useTheme.ts": {"path":"/Users/trainer/mar-6-reactjs/src/hooks/useTheme.ts","statementMap":{"0":{"start":{"line":1,"column":0},"end":{"line":1,"column":35}},"1":{"start":{"line":2,"column":0},"end":{"line":2,"column":48}},"2":{"start":{"line":4,"column":24},"end":{"line":7,"column":1}},"3":{"start":{"line":5,"column":28},"end":{"line":5,"column":52}},"4":{"start":{"line":6,"column":2},"end":{"line":6,"column":27}},"5":{"start":{"line":4,"column":13},"end":{"line":4,"column":24}}},"fnMap":{"0":{"name":"(anonymous_0)","decl":{"start":{"line":4,"column":24},"end":{"line":4,"column":27}},"loc":{"start":{"line":4,"column":29},"end":{"line":7,"column":1}}}},"branchMap":{},"s":{"0":1,"1":1,"2":1,"3":3,"4":3,"5":1},"f":{"0":3},"b":{}}
,"/Users/trainer/mar-6-reactjs/src/utils/lowercase.ts": {"path":"/Users/trainer/mar-6-reactjs/src/utils/lowercase.ts","statementMap":{"0":{"start":{"line":2,"column":4},"end":{"line":2,"column":29}},"1":{"start":{"line":1,"column":0},"end":{"line":1,"column":16}}},"fnMap":{"0":{"name":"lowercase","decl":{"start":{"line":1,"column":16},"end":{"line":1,"column":25}},"loc":{"start":{"line":1,"column":37},"end":{"line":3,"column":1}}}},"branchMap":{},"s":{"0":1,"1":1},"f":{"0":1},"b":{}}
}
