TN:
SF:src/components/demo/demo.tsx
FN:3,(anonymous_0)
FN:11,(anonymous_1)
FNF:2
FNH:2
FNDA:5,(anonymous_0)
FNDA:1,(anonymous_1)
DA:1,1
DA:3,1
DA:4,5
DA:6,5
DA:12,1
DA:21,1
LF:6
LH:6
BRDA:3,0,0,1
BRF:1
BRH:1
end_of_record
TN:
SF:src/context/theme.tsx
FN:3,(anonymous_0)
FN:15,(anonymous_1)
FN:20,(anonymous_2)
FN:29,(anonymous_3)
FNF:4
FNH:3
FNDA:1,(anonymous_0)
FNDA:0,(anonymous_1)
FNDA:2,(anonymous_2)
FNDA:1,(anonymous_3)
DA:1,1
DA:3,1
DA:4,1
DA:5,1
DA:13,1
DA:18,1
DA:20,1
DA:27,2
DA:29,2
DA:30,1
DA:33,2
LF:11
LH:11
BRDA:3,0,0,1
BRDA:3,0,1,1
BRDA:22,1,0,2
BRF:3
BRH:3
end_of_record
TN:
SF:src/hooks/useTheme.ts
FN:4,(anonymous_0)
FNF:1
FNH:1
FNDA:2,(anonymous_0)
DA:1,1
DA:2,1
DA:4,1
DA:5,2
DA:6,2
LF:5
LH:5
BRF:0
BRH:0
end_of_record
TN:
SF:src/utils/lowercase.ts
FN:1,lowercase
FNF:1
FNH:1
FNDA:1,lowercase
DA:1,1
DA:2,1
LF:2
LH:2
BRF:0
BRH:0
end_of_record
